<?xml version="1.0" encoding="UTF-8"?>
<!-- Generated by org.testng.reporters.JUnitReportReporter -->
<testsuite hostname="Mona-Jha" failures="0" tests="1" name="test.TestClass" time="43.155" errors="0" timestamp="19 Sep 2022 09:27:59 GMT" skipped="0">
  <testcase classname="test.TestClass" name="link_1" time="43.155"/>
</testsuite> <!-- test.TestClass -->
